#
# A fatal error has been detected by the Java Runtime Environment:
#
#  Internal Error (javaClasses.cpp:136), pid=792, tid=5360
#  fatal error: Invalid layout of preloaded class
#
# JRE version:  (7.0_51-b13) (build )
# Java VM: Java HotSpot(TM) 64-Bit Server VM (24.51-b03 mixed mode windows-amd64 compressed oops)
# Failed to write core dump. Minidumps are not enabled by default on client versions of Windows
#
# If you would like to submit a bug report, please visit:
#   http://bugreport.sun.com/bugreport/crash.jsp
#

---------------  T H R E A D  ---------------

Current thread (0x000000000201d800):  JavaThread "Unknown thread" [_thread_in_vm, id=5360, stack(0x0000000002210000,0x0000000002310000)]

Stack: [0x0000000002210000,0x0000000002310000]

---------------  P R O C E S S  ---------------

Java Threads: ( => current thread )

Other Threads:

=>0x000000000201d800 (exited) JavaThread "Unknown thread" [_thread_in_vm, id=5360, stack(0x0000000002210000,0x0000000002310000)]

VM state:not at safepoint (not fully initialized)

VM Mutex/Monitor currently owned by a thread: None

GC Heap History (0 events):
No events

Deoptimization events (0 events):
No events

Internal exceptions (0 events):
No events

Events (10 events):
Event: 0.011 loading class 0x000000000207e720 done
Event: 0.011 loading class 0x000000000207e140 done
Event: 0.011 loading class 0x000000000207e120
Event: 0.011 loading class 0x0000000002086220
Event: 0.011 loading class 0x0000000002086220 done
Event: 0.011 loading class 0x0000000002086250
Event: 0.011 loading class 0x0000000002086250 done
Event: 0.011 loading class 0x0000000002086280
Event: 0.011 loading class 0x0000000002086280 done
Event: 0.011 loading class 0x000000000207e120 done


Dynamic libraries:
0x000000013fc80000 - 0x000000013fcb3000 	C:\Java\jre7\bin\javaw.exe
0x0000000076d80000 - 0x0000000076f29000 	C:\Windows\SYSTEM32\ntdll.dll
0x0000000076c60000 - 0x0000000076d7f000 	C:\Windows\system32\kernel32.dll
0x000007fefd290000 - 0x000007fefd2fc000 	C:\Windows\system32\KERNELBASE.dll
0x000007fefedd0000 - 0x000007fefeeab000 	C:\Windows\system32\ADVAPI32.dll
0x000007fefd650000 - 0x000007fefd6ef000 	C:\Windows\system32\msvcrt.dll
0x000007fefec10000 - 0x000007fefec2f000 	C:\Windows\SYSTEM32\sechost.dll
0x000007fefeca0000 - 0x000007fefedcd000 	C:\Windows\system32\RPCRT4.dll
0x0000000076b60000 - 0x0000000076c5a000 	C:\Windows\system32\USER32.dll
0x000007feff020000 - 0x000007feff087000 	C:\Windows\system32\GDI32.dll
0x000007fefdb00000 - 0x000007fefdb0e000 	C:\Windows\system32\LPK.dll
0x000007fefef50000 - 0x000007feff019000 	C:\Windows\system32\USP10.dll
0x000007fefb8a0000 - 0x000007fefba94000 	C:\Windows\WinSxS\amd64_microsoft.windows.common-controls_6595b64144ccf1df_6.0.7601.17514_none_fa396087175ac9ac\COMCTL32.dll
0x000007fefda80000 - 0x000007fefdaf1000 	C:\Windows\system32\SHLWAPI.dll
0x000007fefdb30000 - 0x000007fefdb5e000 	C:\Windows\system32\IMM32.DLL
0x000007fefdd70000 - 0x000007fefde79000 	C:\Windows\system32\MSCTF.dll
0x00000000676d0000 - 0x00000000677a2000 	C:\Java\jre7\bin\msvcr100.dll
0x0000000066910000 - 0x00000000670d9000 	C:\Java\jre7\bin\server\jvm.dll
0x000007fef8bb0000 - 0x000007fef8bb9000 	C:\Windows\system32\WSOCK32.dll
0x000007fefd6f0000 - 0x000007fefd73d000 	C:\Windows\system32\WS2_32.dll
0x000007fefec90000 - 0x000007fefec98000 	C:\Windows\system32\NSI.dll
0x000007fefaf90000 - 0x000007fefafcb000 	C:\Windows\system32\WINMM.dll
0x0000000076f50000 - 0x0000000076f57000 	C:\Windows\system32\PSAPI.DLL
0x0000000069810000 - 0x000000006981f000 	C:\Java\jre7\bin\verify.dll
0x0000000067920000 - 0x0000000067948000 	C:\Java\jre7\bin\java.dll
0x00000000697f0000 - 0x0000000069805000 	C:\Java\jre7\bin\zip.dll

VM Arguments:
jvm_args: -Dfile.encoding=GBK -Xbootclasspath:C:\Android SDK\adt-bundle-windows-x86_64-20131030\sdk\platforms\android-19\android.jar 
java_command: com.testdate3
Launcher Type: SUN_STANDARD

Environment Variables:
JAVA_HOME=C;\Java\jdk1.7.0_51
JRE_HOME=C:\Java\jdk1.7.0_51
CLASSPATH=.;C;\Java\jdk1.7.0_51\lib\dt;C;\Java\jdk1.7.0_51\lib\tools.jar;D:\sqljdbc\sqljdbc4.jar
PATH=C:\Windows\system32;C:\Windows;C:\Windows\System32\Wbem;C:\Windows\System32\WindowsPowerShell\v1.0\;C:\Program Files (x86)\Windows7Master;H:\Matlab\runtime\win64;H:\Matlab\bin;H:\Matlab\polyspace\bin;D:\Program Files\MySQL\MySQL Utilities 1.3.5\;D:\Program Files\MySQL\MySQL Server 5.7\bin;C:\Program Files (x86)\Microsoft SQL Server\90\Tools\binn\;C;\Java\jdk1.7.0_51\bin;C;\Java\jdk1.7.0_51\jre\bin;C:\tomcat8\lib;C:\tomcat8\bin;C:\Android SDK\adt-bundle-windows-x86_64-20131030\sdk\build-tools\android-4.4
USERNAME=Administrator
OS=Windows_NT
PROCESSOR_IDENTIFIER=Intel64 Family 6 Model 23 Stepping 6, GenuineIntel



---------------  S Y S T E M  ---------------

OS: Windows 7 , 64 bit Build 7601 Service Pack 1

CPU:total 2 (2 cores per cpu, 1 threads per core) family 6 model 23 stepping 6, cmov, cx8, fxsr, mmx, sse, sse2, sse3, ssse3, sse4.1, tsc

Memory: 4k page, physical 2095072k(242220k free), swap 4206528k(459560k free)

vm_info: Java HotSpot(TM) 64-Bit Server VM (24.51-b03) for windows-amd64 JRE (1.7.0_51-b13), built on Dec 18 2013 18:40:56 by "java_re" with unknown MS VC++:1600

time: Mon Feb 02 16:33:53 2015
elapsed time: 0 seconds

